2023-04-17 18:30:32 INFO  Log:14 - =============================================postBookingDetailsSTART====================================================================
2023-04-17 18:30:32 INFO  BookingHelpers:33 - Payload :{"firstname":"arslan","lastname":"momin","totalprice":234.0,"depositpaid":true,"bookingdates":{"checkin":"Feb 1, 2018, 12:00:00 AM","checkout":"Feb 1, 2019, 12:00:00 AM"},"additionalneeds":"Booking Needs"}
2023-04-17 18:30:33 DEBUG BasicClientConnectionManager:161 - Get connection for route {s}->https://restful-booker.herokuapp.com:443
2023-04-17 18:30:33 DEBUG DefaultClientConnectionOperator:177 - Connecting to restful-booker.herokuapp.com:443
2023-04-17 18:30:34 DEBUG RequestAddCookies:123 - CookieSpec selected: ignoreCookies
2023-04-17 18:30:34 DEBUG RequestAuthCache:77 - Auth cache not set in the context
2023-04-17 18:30:34 DEBUG RequestTargetAuthentication:80 - Target auth state: UNCHALLENGED
2023-04-17 18:30:34 DEBUG RequestProxyAuthentication:89 - Proxy auth state: UNCHALLENGED
2023-04-17 18:30:34 DEBUG DefaultHttpClient:677 - Attempt 1 to execute request
2023-04-17 18:30:34 DEBUG DefaultClientConnection:274 - Sending request: POST /booking HTTP/1.1
2023-04-17 18:30:34 DEBUG wire:73 -  >> "POST /booking HTTP/1.1[\r][\n]"
2023-04-17 18:30:34 DEBUG wire:73 -  >> "Accept: */*[\r][\n]"
2023-04-17 18:30:34 DEBUG wire:73 -  >> "Content-Type: application/json[\r][\n]"
2023-04-17 18:30:34 DEBUG wire:73 -  >> "Content-Length: 421[\r][\n]"
2023-04-17 18:30:34 DEBUG wire:73 -  >> "Host: restful-booker.herokuapp.com[\r][\n]"
2023-04-17 18:30:34 DEBUG wire:73 -  >> "Connection: Keep-Alive[\r][\n]"
2023-04-17 18:30:34 DEBUG wire:73 -  >> "User-Agent: Apache-HttpClient/4.5.13 (Java/17.0.4.1)[\r][\n]"
2023-04-17 18:30:34 DEBUG wire:73 -  >> "Accept-Encoding: gzip,deflate[\r][\n]"
2023-04-17 18:30:34 DEBUG wire:73 -  >> "[\r][\n]"
2023-04-17 18:30:34 DEBUG headers:278 - >> POST /booking HTTP/1.1
2023-04-17 18:30:34 DEBUG headers:281 - >> Accept: */*
2023-04-17 18:30:34 DEBUG headers:281 - >> Content-Type: application/json
2023-04-17 18:30:34 DEBUG headers:281 - >> Content-Length: 421
2023-04-17 18:30:34 DEBUG headers:281 - >> Host: restful-booker.herokuapp.com
2023-04-17 18:30:34 DEBUG headers:281 - >> Connection: Keep-Alive
2023-04-17 18:30:34 DEBUG headers:281 - >> User-Agent: Apache-HttpClient/4.5.13 (Java/17.0.4.1)
2023-04-17 18:30:34 DEBUG headers:281 - >> Accept-Encoding: gzip,deflate
2023-04-17 18:30:34 DEBUG wire:87 -  >> "{"firstname":"arslan","lastname":"momin","totalprice":234.0,"depositpaid":true,"bookingdates":{"checkin":1517423400000,"checkout":1548959400000,"checkIn":1517423400000,"checkOut":1548959400000},"additionalneeds":"Booking Needs","totalPrice":234.0,"firstName":"arslan","bookingDates":{"checkin":1517423400000,"checkout":1548959400000,"checkIn":1517423400000,"checkOut":1548959400000},"lastName":"momin","depositPaid":true}"
2023-04-17 18:30:35 DEBUG wire:73 -  << "HTTP/1.1 200 OK[\r][\n]"
2023-04-17 18:30:35 DEBUG wire:73 -  << "Server: Cowboy[\r][\n]"
2023-04-17 18:30:35 DEBUG wire:73 -  << "Connection: keep-alive[\r][\n]"
2023-04-17 18:30:35 DEBUG wire:73 -  << "X-Powered-By: Express[\r][\n]"
2023-04-17 18:30:35 DEBUG wire:73 -  << "Content-Type: application/json; charset=utf-8[\r][\n]"
2023-04-17 18:30:35 DEBUG wire:73 -  << "Content-Length: 205[\r][\n]"
2023-04-17 18:30:35 DEBUG wire:73 -  << "Etag: W/"cd-dWbtqtA36D7Bg7IogIE6nJdLTqE"[\r][\n]"
2023-04-17 18:30:35 DEBUG wire:73 -  << "Date: Mon, 17 Apr 2023 13:00:35 GMT[\r][\n]"
2023-04-17 18:30:35 DEBUG wire:73 -  << "Via: 1.1 vegur[\r][\n]"
2023-04-17 18:30:35 DEBUG wire:73 -  << "[\r][\n]"
2023-04-17 18:30:35 DEBUG DefaultClientConnection:259 - Receiving response: HTTP/1.1 200 OK
2023-04-17 18:30:35 DEBUG headers:262 - << HTTP/1.1 200 OK
2023-04-17 18:30:35 DEBUG headers:265 - << Server: Cowboy
2023-04-17 18:30:35 DEBUG headers:265 - << Connection: keep-alive
2023-04-17 18:30:35 DEBUG headers:265 - << X-Powered-By: Express
2023-04-17 18:30:35 DEBUG headers:265 - << Content-Type: application/json; charset=utf-8
2023-04-17 18:30:35 DEBUG headers:265 - << Content-Length: 205
2023-04-17 18:30:35 DEBUG headers:265 - << Etag: W/"cd-dWbtqtA36D7Bg7IogIE6nJdLTqE"
2023-04-17 18:30:35 DEBUG headers:265 - << Date: Mon, 17 Apr 2023 13:00:35 GMT
2023-04-17 18:30:35 DEBUG headers:265 - << Via: 1.1 vegur
2023-04-17 18:30:35 DEBUG DefaultHttpClient:504 - Connection can be kept alive indefinitely
2023-04-17 18:30:35 DEBUG RestAssuredHttpBuilder:553 - Parsing response as: application/json; charset=utf-8
2023-04-17 18:30:35 DEBUG RestAssuredHttpBuilder:556 - Parsed data to instance of: class org.apache.http.conn.EofSensorInputStream
2023-04-17 18:30:35 DEBUG wire:87 -  << "{"bookingid":10890,"booking":{"firstname":"arslan","lastname":"momin","totalprice":234,"depositpaid":true,"bookingdates":{"checkin":"2018-01-31","checkout":"2019-01-31"},"additionalneeds":"Booking Needs"}}"
2023-04-17 18:30:35 DEBUG BasicClientConnectionManager:200 - Releasing connection org.apache.http.impl.conn.ManagedClientConnectionImpl@7066363
2023-04-17 18:30:35 DEBUG BasicClientConnectionManager:225 - Connection can be kept alive indefinitely
2023-04-17 18:30:35 INFO  BookingHelpers:36 - 
 Header :null
2023-04-17 18:30:35 INFO  BookingHelpers:37 - 
 Status Code : 200
2023-04-17 18:30:35 INFO  BookingHelpers:38 - 
 Body : {
    "bookingid": 10890,
    "booking": {
        "firstname": "arslan",
        "lastname": "momin",
        "totalprice": 234,
        "depositpaid": true,
        "bookingdates": {
            "checkin": "2018-01-31",
            "checkout": "2019-01-31"
        },
        "additionalneeds": "Booking Needs"
    }
}
